#Seed: 30006
#Animate: true
#Player0: pasur.RandomPlayer
#Player1: pasur.RandomPlayer
Game starts...
Round 1 of the game starts...
Total Running Scores: Player0 = 0 (0 Surs)        Player1 = 0 (0 Surs)
Dealing out to players...
Player0 hand: [J-S, 10-S, 4-D, 3-H]
Player1 hand: [A-H, A-S, 4-S, 3-S]
Dealing out to pool...
Pool: [9-S, 8-C, 7-D, 6-S]
Player0 plays J-S
Player0 picks [J-S, 9-S, 8-C, 7-D, 6-S]
Total Running Scores: Player0 = 1 (0 Surs)        Player1 = 0 (0 Surs)
Player1 plays A-S
Player1 picks []
Total Running Scores: Player0 = 1 (0 Surs)        Player1 = 0 (0 Surs)
Player0 plays 10-S
Player0 picks [A-S, 10-S]
Player0 scores a sur
Total Running Scores: Player0 = 7 (1 Surs)        Player1 = 0 (0 Surs)
Player1 plays 3-S
Player1 picks []
Total Running Scores: Player0 = 7 (1 Surs)        Player1 = 0 (0 Surs)
Player0 plays 4-D
Player0 picks []
Total Running Scores: Player0 = 7 (1 Surs)        Player1 = 0 (0 Surs)
Player1 plays A-H
Player1 picks []
Total Running Scores: Player0 = 7 (1 Surs)        Player1 = 0 (0 Surs)
Player0 plays 3-H
Player0 picks [A-H, 4-D, 3-H, 3-S]
Player0 scores a sur
Total Running Scores: Player0 = 13 (2 Surs)        Player1 = 0 (0 Surs)
Player1 plays 4-S
Player1 picks []
Total Running Scores: Player0 = 13 (2 Surs)        Player1 = 0 (0 Surs)
Dealing out to players...
Player0 hand: [8-H, 7-S, 5-S, 4-H]
Player1 hand: [K-D, Q-S, J-C, 6-C]
Player0 plays 5-S
Player0 picks []
Total Running Scores: Player0 = 13 (2 Surs)        Player1 = 0 (0 Surs)
Player1 plays J-C
Player1 picks [J-C, 5-S, 4-S]
Total Running Scores: Player0 = 13 (2 Surs)        Player1 = 1 (0 Surs)
Player0 plays 8-H
Player0 picks []
Total Running Scores: Player0 = 13 (2 Surs)        Player1 = 1 (0 Surs)
Player1 plays K-D
Player1 picks []
Total Running Scores: Player0 = 13 (2 Surs)        Player1 = 1 (0 Surs)
Player0 plays 7-S
Player0 picks []
Total Running Scores: Player0 = 13 (2 Surs)        Player1 = 1 (0 Surs)
Player1 plays 6-C
Player1 picks []
Total Running Scores: Player0 = 13 (2 Surs)        Player1 = 1 (0 Surs)
Player0 plays 4-H
Player0 picks [7-S, 4-H]
Total Running Scores: Player0 = 13 (2 Surs)        Player1 = 1 (0 Surs)
Player1 plays Q-S
Player1 picks []
Total Running Scores: Player0 = 13 (2 Surs)        Player1 = 1 (0 Surs)
Dealing out to players...
Player0 hand: [6-H, 3-C, 3-D, 2-S]
Player1 hand: [K-H, Q-D, Q-H, 10-D]
Player0 plays 6-H
Player0 picks []
Total Running Scores: Player0 = 13 (2 Surs)        Player1 = 1 (0 Surs)
Player1 plays K-H
Player1 picks [K-D, K-H]
Total Running Scores: Player0 = 13 (2 Surs)        Player1 = 1 (0 Surs)
Player0 plays 3-C
Player0 picks [8-H, 3-C]
Total Running Scores: Player0 = 13 (2 Surs)        Player1 = 1 (0 Surs)
Player1 plays Q-D
Player1 picks [Q-D, Q-S]
Total Running Scores: Player0 = 13 (2 Surs)        Player1 = 1 (0 Surs)
Player0 plays 2-S
Player0 picks []
Total Running Scores: Player0 = 13 (2 Surs)        Player1 = 1 (0 Surs)
Player1 plays Q-H
Player1 picks []
Total Running Scores: Player0 = 13 (2 Surs)        Player1 = 1 (0 Surs)
Player0 plays 3-D
Player0 picks [6-C, 3-D, 2-S]
Total Running Scores: Player0 = 13 (2 Surs)        Player1 = 1 (0 Surs)
Player1 plays 10-D
Player1 picks []
Total Running Scores: Player0 = 13 (2 Surs)        Player1 = 1 (0 Surs)
Dealing out to players...
Player0 hand: [J-D, 9-C, 8-S, 4-C]
Player1 hand: [A-C, K-C, J-H, 6-D]
Player0 plays J-D
Player0 picks [J-D, 10-D, 6-H]
Total Running Scores: Player0 = 17 (2 Surs)        Player1 = 1 (0 Surs)
Player1 plays A-C
Player1 picks []
Total Running Scores: Player0 = 17 (2 Surs)        Player1 = 1 (0 Surs)
Player0 plays 9-C
Player0 picks []
Total Running Scores: Player0 = 17 (2 Surs)        Player1 = 1 (0 Surs)
Player1 plays 6-D
Player1 picks []
Total Running Scores: Player0 = 17 (2 Surs)        Player1 = 1 (0 Surs)
Player0 plays 8-S
Player0 picks []
Total Running Scores: Player0 = 17 (2 Surs)        Player1 = 1 (0 Surs)
Player1 plays K-C
Player1 picks []
Total Running Scores: Player0 = 17 (2 Surs)        Player1 = 1 (0 Surs)
Player0 plays 4-C
Player0 picks [A-C, 6-D, 4-C]
Total Running Scores: Player0 = 18 (2 Surs)        Player1 = 1 (0 Surs)
Player1 plays J-H
Player1 picks [J-H, 9-C, 8-S]
Total Running Scores: Player0 = 18 (2 Surs)        Player1 = 2 (0 Surs)
Dealing out to players...
Player0 hand: [10-C, 9-H, 7-H, 5-D]
Player1 hand: [A-D, 9-D, 7-C, 5-C]
Player0 plays 5-D
Player0 picks []
Total Running Scores: Player0 = 18 (2 Surs)        Player1 = 2 (0 Surs)
Player1 plays 9-D
Player1 picks []
Total Running Scores: Player0 = 18 (2 Surs)        Player1 = 2 (0 Surs)
Player0 plays 7-H
Player0 picks []
Total Running Scores: Player0 = 18 (2 Surs)        Player1 = 2 (0 Surs)
Player1 plays 5-C
Player1 picks []
Total Running Scores: Player0 = 18 (2 Surs)        Player1 = 2 (0 Surs)
Player0 plays 10-C
Player0 picks []
Total Running Scores: Player0 = 18 (2 Surs)        Player1 = 2 (0 Surs)
Player1 plays A-D
Player1 picks [A-D, 5-C, 5-D]
Total Running Scores: Player0 = 18 (2 Surs)        Player1 = 3 (0 Surs)
Player0 plays 9-H
Player0 picks []
Total Running Scores: Player0 = 18 (2 Surs)        Player1 = 3 (0 Surs)
Player1 plays 7-C
Player1 picks []
Total Running Scores: Player0 = 18 (2 Surs)        Player1 = 3 (0 Surs)
Dealing out to players...
Player0 hand: [Q-C, 8-D, 5-H, 2-D]
Player1 hand: [K-S, 10-H, 2-C, 2-H]
Player0 plays 2-D
Player0 picks [9-D, 2-D]
Total Running Scores: Player0 = 18 (2 Surs)        Player1 = 3 (0 Surs)
Player1 plays K-S
Player1 picks [K-C, K-S]
Total Running Scores: Player0 = 18 (2 Surs)        Player1 = 3 (0 Surs)
Player0 plays 8-D
Player0 picks []
Total Running Scores: Player0 = 18 (2 Surs)        Player1 = 3 (0 Surs)
Player1 plays 2-C
Player1 picks [9-H, 2-C]
Total Running Scores: Player0 = 18 (2 Surs)        Player1 = 5 (0 Surs)
Player0 plays 5-H
Player0 picks []
Total Running Scores: Player0 = 18 (2 Surs)        Player1 = 5 (0 Surs)
Player1 plays 10-H
Player1 picks []
Total Running Scores: Player0 = 18 (2 Surs)        Player1 = 5 (0 Surs)
Player0 plays Q-C
Player0 picks [Q-C, Q-H]
Total Running Scores: Player0 = 18 (2 Surs)        Player1 = 5 (0 Surs)
Player1 plays 2-H
Player1 picks []
Total Running Scores: Player0 = 18 (2 Surs)        Player1 = 5 (0 Surs)
Player0 picks [10-C, 10-H, 8-D, 7-C, 7-H, 5-H, 2-H] at the end of this round of game
Total Running Scores: Player0 = 25 (2 Surs)        Player1 = 5 (0 Surs)
Round 1 of the game ends...
Round 2 of the game starts...
Total Running Scores: Player0 = 25 (0 Surs)        Player1 = 5 (0 Surs)
Dealing out to players...
Player1 hand: [8-D, 7-H, 5-C, 3-D]
Player0 hand: [10-D, 7-S, 6-D, 2-D]
Dealing out to pool...
Pool: [A-D, Q-C, 10-H, 4-C]
Player1 plays 7-H
Player1 picks [7-H, 4-C]
Total Running Scores: Player0 = 25 (0 Surs)        Player1 = 5 (0 Surs)
Player0 plays 10-D
Player0 picks [A-D, 10-D]
Total Running Scores: Player0 = 29 (0 Surs)        Player1 = 5 (0 Surs)
Player1 plays 3-D
Player1 picks []
Total Running Scores: Player0 = 29 (0 Surs)        Player1 = 5 (0 Surs)
Player0 plays 2-D
Player0 picks []
Total Running Scores: Player0 = 29 (0 Surs)        Player1 = 5 (0 Surs)
Player1 plays 8-D
Player1 picks [8-D, 3-D]
Total Running Scores: Player0 = 29 (0 Surs)        Player1 = 5 (0 Surs)
Player0 plays 6-D
Player0 picks []
Total Running Scores: Player0 = 29 (0 Surs)        Player1 = 5 (0 Surs)
Player1 plays 5-C
Player1 picks [6-D, 5-C]
Total Running Scores: Player0 = 29 (0 Surs)        Player1 = 5 (0 Surs)
Player0 plays 7-S
Player0 picks []
Total Running Scores: Player0 = 29 (0 Surs)        Player1 = 5 (0 Surs)
Dealing out to players...
Player1 hand: [K-S, 8-S, 4-H, 2-S]
Player0 hand: [Q-D, Q-H, 9-S, 4-S]
Player1 plays 4-H
Player1 picks [7-S, 4-H]
Total Running Scores: Player0 = 29 (0 Surs)        Player1 = 5 (0 Surs)
Player0 plays Q-D
Player0 picks [Q-C, Q-D]
Total Running Scores: Player0 = 29 (0 Surs)        Player1 = 5 (0 Surs)
Player1 plays K-S
Player1 picks []
Total Running Scores: Player0 = 29 (0 Surs)        Player1 = 5 (0 Surs)
Player0 plays Q-H
Player0 picks []
Total Running Scores: Player0 = 29 (0 Surs)        Player1 = 5 (0 Surs)
Player1 plays 8-S
Player1 picks []
Total Running Scores: Player0 = 29 (0 Surs)        Player1 = 5 (0 Surs)
Player0 plays 9-S
Player0 picks [9-S, 2-D]
Total Running Scores: Player0 = 29 (0 Surs)        Player1 = 5 (0 Surs)
Player1 plays 2-S
Player1 picks []
Total Running Scores: Player0 = 29 (0 Surs)        Player1 = 5 (0 Surs)
Player0 plays 4-S
Player0 picks []
Total Running Scores: Player0 = 29 (0 Surs)        Player1 = 5 (0 Surs)
Dealing out to players...
Player1 hand: [A-H, A-S, J-C, J-S]
Player0 hand: [K-C, Q-S, 8-C, 7-C]
Player1 plays J-S
Player1 picks [J-S, 10-H, 8-S, 4-S, 2-S]
Total Running Scores: Player0 = 29 (0 Surs)        Player1 = 6 (0 Surs)
Player0 plays K-C
Player0 picks [K-C, K-S]
Total Running Scores: Player0 = 29 (0 Surs)        Player1 = 6 (0 Surs)
Player1 plays A-H
Player1 picks []
Total Running Scores: Player0 = 29 (0 Surs)        Player1 = 6 (0 Surs)
Player0 plays 8-C
Player0 picks []
Total Running Scores: Player0 = 29 (0 Surs)        Player1 = 6 (0 Surs)
Player1 plays A-S
Player1 picks []
Total Running Scores: Player0 = 29 (0 Surs)        Player1 = 6 (0 Surs)
Player0 plays Q-S
Player0 picks [Q-H, Q-S]
Total Running Scores: Player0 = 29 (0 Surs)        Player1 = 6 (0 Surs)
Player1 plays J-C
Player1 picks [A-H, A-S, J-C, 8-C]
Total Running Scores: Player0 = 29 (0 Surs)        Player1 = 9 (0 Surs)
Player0 plays 7-C
Player0 picks []
Total Running Scores: Player0 = 29 (0 Surs)        Player1 = 9 (0 Surs)
Dealing out to players...
Player1 hand: [A-C, K-D, J-D, 5-S]
Player0 hand: [9-H, 7-D, 5-H, 3-S]
Player1 plays A-C
Player1 picks []
Total Running Scores: Player0 = 29 (0 Surs)        Player1 = 9 (0 Surs)
Player0 plays 9-H
Player0 picks []
Total Running Scores: Player0 = 29 (0 Surs)        Player1 = 9 (0 Surs)
Player1 plays J-D
Player1 picks [A-C, J-D, 9-H, 7-C]
Total Running Scores: Player0 = 29 (0 Surs)        Player1 = 11 (0 Surs)
Player0 plays 3-S
Player0 picks []
Total Running Scores: Player0 = 29 (0 Surs)        Player1 = 11 (0 Surs)
Player1 plays 5-S
Player1 picks []
Total Running Scores: Player0 = 29 (0 Surs)        Player1 = 11 (0 Surs)
Player0 plays 7-D
Player0 picks []
Total Running Scores: Player0 = 29 (0 Surs)        Player1 = 11 (0 Surs)
Player1 plays K-D
Player1 picks []
Total Running Scores: Player0 = 29 (0 Surs)        Player1 = 11 (0 Surs)
Player0 plays 5-H
Player0 picks []
Total Running Scores: Player0 = 29 (0 Surs)        Player1 = 11 (0 Surs)
Dealing out to players...
Player1 hand: [6-H, 6-S, 3-H, 2-H]
Player0 hand: [K-H, 9-D, 8-H, 4-D]
Player1 plays 6-S
Player1 picks [6-S, 5-S]
Total Running Scores: Player0 = 29 (0 Surs)        Player1 = 11 (0 Surs)
Player0 plays 9-D
Player0 picks []
Total Running Scores: Player0 = 29 (0 Surs)        Player1 = 11 (0 Surs)
Player1 plays 6-H
Player1 picks [6-H, 5-H]
Total Running Scores: Player0 = 29 (0 Surs)        Player1 = 11 (0 Surs)
Player0 plays 8-H
Player0 picks [8-H, 3-S]
Total Running Scores: Player0 = 29 (0 Surs)        Player1 = 11 (0 Surs)
Player1 plays 3-H
Player1 picks []
Total Running Scores: Player0 = 29 (0 Surs)        Player1 = 11 (0 Surs)
Player0 plays K-H
Player0 picks [K-D, K-H]
Total Running Scores: Player0 = 29 (0 Surs)        Player1 = 11 (0 Surs)
Player1 plays 2-H
Player1 picks [9-D, 2-H]
Total Running Scores: Player0 = 29 (0 Surs)        Player1 = 11 (0 Surs)
Player0 plays 4-D
Player0 picks [7-D, 4-D]
Total Running Scores: Player0 = 29 (0 Surs)        Player1 = 11 (0 Surs)
Dealing out to players...
Player1 hand: [J-H, 6-C, 5-D, 2-C]
Player0 hand: [10-C, 10-S, 9-C, 3-C]
Player1 plays J-H
Player1 picks [J-H, 3-H]
Total Running Scores: Player0 = 29 (0 Surs)        Player1 = 12 (0 Surs)
Player0 plays 10-C
Player0 picks []
Total Running Scores: Player0 = 29 (0 Surs)        Player1 = 12 (0 Surs)
Player1 plays 6-C
Player1 picks []
Total Running Scores: Player0 = 29 (0 Surs)        Player1 = 12 (0 Surs)
Player0 plays 3-C
Player0 picks []
Total Running Scores: Player0 = 29 (0 Surs)        Player1 = 12 (0 Surs)
Player1 plays 5-D
Player1 picks [6-C, 5-D]
Total Running Scores: Player0 = 29 (0 Surs)        Player1 = 19 (0 Surs)
Player0 plays 10-S
Player0 picks []
Total Running Scores: Player0 = 29 (0 Surs)        Player1 = 19 (0 Surs)
Player1 plays 2-C
Player1 picks []
Total Running Scores: Player0 = 29 (0 Surs)        Player1 = 19 (0 Surs)
Player0 plays 9-C
Player0 picks [9-C, 2-C]
Total Running Scores: Player0 = 31 (0 Surs)        Player1 = 19 (0 Surs)
Player0 picks [10-C, 10-S, 3-C] at the end of this round of game
Total Running Scores: Player0 = 31 (0 Surs)        Player1 = 19 (0 Surs)
Round 2 of the game ends...
Round 3 of the game starts...
Total Running Scores: Player0 = 31 (0 Surs)        Player1 = 19 (0 Surs)
Dealing out to players...
Player0 hand: [J-D, 10-C, 4-H, 2-S]
Player1 hand: [K-H, Q-S, 9-S, 4-D]
Dealing out to pool...
Pool: [K-D, Q-H, 9-D, 7-D]
Player0 plays J-D
Player0 picks [J-D, 9-D, 7-D]
Total Running Scores: Player0 = 32 (0 Surs)        Player1 = 19 (0 Surs)
Player1 plays Q-S
Player1 picks [Q-H, Q-S]
Total Running Scores: Player0 = 32 (0 Surs)        Player1 = 19 (0 Surs)
Player0 plays 10-C
Player0 picks []
Total Running Scores: Player0 = 32 (0 Surs)        Player1 = 19 (0 Surs)
Player1 plays K-H
Player1 picks [K-D, K-H]
Total Running Scores: Player0 = 32 (0 Surs)        Player1 = 19 (0 Surs)
Player0 plays 2-S
Player0 picks []
Total Running Scores: Player0 = 32 (0 Surs)        Player1 = 19 (0 Surs)
Player1 plays 9-S
Player1 picks [9-S, 2-S]
Total Running Scores: Player0 = 32 (0 Surs)        Player1 = 19 (0 Surs)
Player0 plays 4-H
Player0 picks []
Total Running Scores: Player0 = 32 (0 Surs)        Player1 = 19 (0 Surs)
Player1 plays 4-D
Player1 picks []
Total Running Scores: Player0 = 32 (0 Surs)        Player1 = 19 (0 Surs)
Dealing out to players...
Player0 hand: [A-D, K-S, J-H, 8-D]
Player1 hand: [A-S, 10-H, 8-C, 3-D]
Player0 plays 8-D
Player0 picks []
Total Running Scores: Player0 = 32 (0 Surs)        Player1 = 19 (0 Surs)
Player1 plays 8-C
Player1 picks []
Total Running Scores: Player0 = 32 (0 Surs)        Player1 = 19 (0 Surs)
Player0 plays A-D
Player0 picks [A-D, 10-C]
Total Running Scores: Player0 = 33 (0 Surs)        Player1 = 19 (0 Surs)
Player1 plays A-S
Player1 picks []
Total Running Scores: Player0 = 33 (0 Surs)        Player1 = 19 (0 Surs)
Player0 plays J-H
Player0 picks [A-S, J-H, 8-C, 8-D, 4-D, 4-H]
Total Running Scores: Player0 = 35 (0 Surs)        Player1 = 19 (0 Surs)
Player1 plays 3-D
Player1 picks []
Total Running Scores: Player0 = 35 (0 Surs)        Player1 = 19 (0 Surs)
Player0 plays K-S
Player0 picks []
Total Running Scores: Player0 = 35 (0 Surs)        Player1 = 19 (0 Surs)
Player1 plays 10-H
Player1 picks []
Total Running Scores: Player0 = 35 (0 Surs)        Player1 = 19 (0 Surs)
Dealing out to players...
Player0 hand: [K-C, 10-D, 3-C, 3-H]
Player1 hand: [Q-D, 8-S, 7-S, 3-S]
Player0 plays K-C
Player0 picks [K-C, K-S]
Total Running Scores: Player0 = 35 (0 Surs)        Player1 = 19 (0 Surs)
Player1 plays 3-S
Player1 picks []
Total Running Scores: Player0 = 35 (0 Surs)        Player1 = 19 (0 Surs)
Player0 plays 10-D
Player0 picks []
Total Running Scores: Player0 = 35 (0 Surs)        Player1 = 19 (0 Surs)
Player1 plays Q-D
Player1 picks []
Total Running Scores: Player0 = 35 (0 Surs)        Player1 = 19 (0 Surs)
Player0 plays 3-C
Player0 picks []
Total Running Scores: Player0 = 35 (0 Surs)        Player1 = 19 (0 Surs)
Player1 plays 7-S
Player1 picks []
Total Running Scores: Player0 = 35 (0 Surs)        Player1 = 19 (0 Surs)
Player0 plays 3-H
Player0 picks []
Total Running Scores: Player0 = 35 (0 Surs)        Player1 = 19 (0 Surs)
Player1 plays 8-S
Player1 picks [8-S, 3-C]
Total Running Scores: Player0 = 35 (0 Surs)        Player1 = 19 (0 Surs)
Dealing out to players...
Player0 hand: [8-H, 6-C, 5-D, 4-S]
Player1 hand: [A-C, A-H, 4-C, 2-C]
Player0 plays 4-S
Player0 picks [7-S, 4-S]
Total Running Scores: Player0 = 35 (0 Surs)        Player1 = 19 (0 Surs)
Player1 plays A-H
Player1 picks [A-H, 10-D]
Total Running Scores: Player0 = 35 (0 Surs)        Player1 = 23 (0 Surs)
Player0 plays 6-C
Player0 picks []
Total Running Scores: Player0 = 35 (0 Surs)        Player1 = 23 (0 Surs)
Player1 plays 4-C
Player1 picks []
Total Running Scores: Player0 = 35 (0 Surs)        Player1 = 23 (0 Surs)
Player0 plays 5-D
Player0 picks [6-C, 5-D]
Total Running Scores: Player0 = 35 (0 Surs)        Player1 = 23 (0 Surs)
Player1 plays 2-C
Player1 picks [3-D, 3-H, 3-S, 2-C]
Total Running Scores: Player0 = 35 (0 Surs)        Player1 = 25 (0 Surs)
Player0 plays 8-H
Player0 picks []
Total Running Scores: Player0 = 35 (0 Surs)        Player1 = 25 (0 Surs)
Player1 plays A-C
Player1 picks [A-C, 10-H]
Total Running Scores: Player0 = 35 (0 Surs)        Player1 = 26 (0 Surs)
Dealing out to players...
Player0 hand: [10-S, 7-H, 6-D, 2-D]
Player1 hand: [J-C, 9-C, 5-S, 2-H]
Player0 plays 6-D
Player0 picks []
Total Running Scores: Player0 = 35 (0 Surs)        Player1 = 26 (0 Surs)
Player1 plays 9-C
Player1 picks []
Total Running Scores: Player0 = 35 (0 Surs)        Player1 = 26 (0 Surs)
Player0 plays 10-S
Player0 picks []
Total Running Scores: Player0 = 35 (0 Surs)        Player1 = 26 (0 Surs)
Player1 plays 2-H
Player1 picks [9-C, 2-H]
Total Running Scores: Player0 = 35 (0 Surs)        Player1 = 26 (0 Surs)
Player0 plays 2-D
Player0 picks []
Total Running Scores: Player0 = 35 (0 Surs)        Player1 = 26 (0 Surs)
Player1 plays 5-S
Player1 picks [5-S, 4-C, 2-D]
Total Running Scores: Player0 = 35 (0 Surs)        Player1 = 26 (0 Surs)
Player0 plays 7-H
Player0 picks []
Total Running Scores: Player0 = 35 (0 Surs)        Player1 = 26 (0 Surs)
Player1 plays J-C
Player1 picks [J-C, 10-S, 8-H, 7-H, 6-D]
Total Running Scores: Player0 = 35 (0 Surs)        Player1 = 27 (0 Surs)
Dealing out to players...
Player0 hand: [J-S, 7-C, 6-H, 6-S]
Player1 hand: [Q-C, 9-H, 5-C, 5-H]
Player0 plays J-S
Player0 picks []
Total Running Scores: Player0 = 35 (0 Surs)        Player1 = 27 (0 Surs)
Player1 plays 5-H
Player1 picks []
Total Running Scores: Player0 = 35 (0 Surs)        Player1 = 27 (0 Surs)
Player0 plays 7-C
Player0 picks []
Total Running Scores: Player0 = 35 (0 Surs)        Player1 = 27 (0 Surs)
Player1 plays 5-C
Player1 picks []
Total Running Scores: Player0 = 35 (0 Surs)        Player1 = 27 (0 Surs)
Player0 plays 6-H
Player0 picks [6-H, 5-C]
Total Running Scores: Player0 = 35 (0 Surs)        Player1 = 27 (0 Surs)
Player1 plays Q-C
Player1 picks [Q-C, Q-D]
Total Running Scores: Player0 = 35 (0 Surs)        Player1 = 34 (0 Surs)
Player0 plays 6-S
Player0 picks [6-S, 5-H]
Total Running Scores: Player0 = 35 (0 Surs)        Player1 = 34 (0 Surs)
Player1 plays 9-H
Player1 picks []
Total Running Scores: Player0 = 35 (0 Surs)        Player1 = 34 (0 Surs)
Player0 picks [J-S, 9-H, 7-C] at the end of this round of game
Total Running Scores: Player0 = 36 (0 Surs)        Player1 = 34 (0 Surs)
Round 3 of the game ends...
Round 4 of the game starts...
Total Running Scores: Player0 = 36 (0 Surs)        Player1 = 34 (0 Surs)
Dealing out to players...
Player1 hand: [K-C, K-S, 4-D, 2-C]
Player0 hand: [9-S, 6-S, 5-S, 2-S]
Dealing out to pool...
Pool: [A-S, 6-H, 3-H, 2-H]
Player1 plays K-C
Player1 picks []
Total Running Scores: Player0 = 36 (0 Surs)        Player1 = 34 (0 Surs)
Player0 plays 6-S
Player0 picks [6-S, 3-H, 2-H]
Total Running Scores: Player0 = 36 (0 Surs)        Player1 = 34 (0 Surs)
Player1 plays K-S
Player1 picks [K-C, K-S]
Total Running Scores: Player0 = 36 (0 Surs)        Player1 = 34 (0 Surs)
Player0 plays 5-S
Player0 picks [6-H, 5-S]
Total Running Scores: Player0 = 36 (0 Surs)        Player1 = 34 (0 Surs)
Player1 plays 2-C
Player1 picks []
Total Running Scores: Player0 = 36 (0 Surs)        Player1 = 34 (0 Surs)
Player0 plays 9-S
Player0 picks [9-S, 2-C]
Total Running Scores: Player0 = 38 (0 Surs)        Player1 = 34 (0 Surs)
Player1 plays 4-D
Player1 picks []
Total Running Scores: Player0 = 38 (0 Surs)        Player1 = 34 (0 Surs)
Player0 plays 2-S
Player0 picks []
Total Running Scores: Player0 = 38 (0 Surs)        Player1 = 34 (0 Surs)
Dealing out to players...
Player1 hand: [A-C, J-C, 9-C, 3-D]
Player0 hand: [Q-H, 10-S, 8-D, 7-H]
Player1 plays 3-D
Player1 picks []
Total Running Scores: Player0 = 38 (0 Surs)        Player1 = 34 (0 Surs)
Player0 plays 10-S
Player0 picks [A-S, 10-S]
Total Running Scores: Player0 = 39 (0 Surs)        Player1 = 34 (0 Surs)
Player1 plays J-C
Player1 picks [J-C, 4-D, 3-D, 2-S]
Total Running Scores: Player0 = 39 (0 Surs)        Player1 = 35 (0 Surs)
Player0 plays 7-H
Player0 picks []
Total Running Scores: Player0 = 39 (0 Surs)        Player1 = 35 (0 Surs)
Player1 plays 9-C
Player1 picks []
Total Running Scores: Player0 = 39 (0 Surs)        Player1 = 35 (0 Surs)
Player0 plays 8-D
Player0 picks []
Total Running Scores: Player0 = 39 (0 Surs)        Player1 = 35 (0 Surs)
Player1 plays A-C
Player1 picks []
Total Running Scores: Player0 = 39 (0 Surs)        Player1 = 35 (0 Surs)
Player0 plays Q-H
Player0 picks []
Total Running Scores: Player0 = 39 (0 Surs)        Player1 = 35 (0 Surs)
Dealing out to players...
Player1 hand: [Q-D, 5-C, 5-D, 3-C]
Player0 hand: [J-D, 10-C, 8-C, 4-H]
Player1 plays 3-C
Player1 picks [A-C, 7-H, 3-C]
Total Running Scores: Player0 = 39 (0 Surs)        Player1 = 36 (0 Surs)
Player0 plays J-D
Player0 picks [J-D, 9-C, 8-D]
Total Running Scores: Player0 = 40 (0 Surs)        Player1 = 36 (0 Surs)
Player1 plays Q-D
Player1 picks [Q-D, Q-H]
Player1 scores a sur
Total Running Scores: Player0 = 40 (0 Surs)        Player1 = 41 (1 Surs)
Player0 plays 10-C
Player0 picks []
Total Running Scores: Player0 = 40 (0 Surs)        Player1 = 41 (1 Surs)
Player1 plays 5-C
Player1 picks []
Total Running Scores: Player0 = 40 (0 Surs)        Player1 = 41 (1 Surs)
Player0 plays 4-H
Player0 picks []
Total Running Scores: Player0 = 40 (0 Surs)        Player1 = 41 (1 Surs)
Player1 plays 5-D
Player1 picks []
Total Running Scores: Player0 = 40 (0 Surs)        Player1 = 41 (1 Surs)
Player0 plays 8-C
Player0 picks []
Total Running Scores: Player0 = 40 (0 Surs)        Player1 = 41 (1 Surs)
Dealing out to players...
Player1 hand: [A-H, K-H, 7-S, 6-D]
Player0 hand: [Q-S, J-S, 8-H, 7-C]
Player1 plays K-H
Player1 picks []
Total Running Scores: Player0 = 40 (0 Surs)        Player1 = 41 (1 Surs)
Player0 plays J-S
Player0 picks [J-S, 10-C, 8-C, 5-C, 5-D, 4-H]
Total Running Scores: Player0 = 41 (0 Surs)        Player1 = 41 (1 Surs)
Player1 plays 6-D
Player1 picks []
Total Running Scores: Player0 = 41 (0 Surs)        Player1 = 41 (1 Surs)
Player0 plays 8-H
Player0 picks []
Total Running Scores: Player0 = 41 (0 Surs)        Player1 = 41 (1 Surs)
Player1 plays 7-S
Player1 picks []
Total Running Scores: Player0 = 41 (0 Surs)        Player1 = 41 (1 Surs)
Player0 plays 7-C
Player0 picks []
Total Running Scores: Player0 = 41 (0 Surs)        Player1 = 41 (1 Surs)
Player1 plays A-H
Player1 picks []
Total Running Scores: Player0 = 41 (0 Surs)        Player1 = 41 (1 Surs)
Player0 plays Q-S
Player0 picks []
Total Running Scores: Player0 = 41 (0 Surs)        Player1 = 41 (1 Surs)
Dealing out to players...
Player1 hand: [9-H, 7-D, 6-C, 5-H]
Player0 hand: [K-D, 4-C, 4-S, 3-S]
Player1 plays 9-H
Player1 picks []
Total Running Scores: Player0 = 41 (0 Surs)        Player1 = 41 (1 Surs)
Player0 plays 3-S
Player0 picks [A-H, 7-C, 3-S]
Total Running Scores: Player0 = 42 (0 Surs)        Player1 = 41 (1 Surs)
Player1 plays 7-D
Player1 picks []
Total Running Scores: Player0 = 42 (0 Surs)        Player1 = 41 (1 Surs)
Player0 plays 4-C
Player0 picks [7-S, 4-C]
Total Running Scores: Player0 = 49 (0 Surs)        Player1 = 41 (1 Surs)
Player1 plays 5-H
Player1 picks [6-D, 5-H]
Total Running Scores: Player0 = 49 (0 Surs)        Player1 = 41 (1 Surs)
Player0 plays 4-S
Player0 picks [7-D, 4-S]
Total Running Scores: Player0 = 49 (0 Surs)        Player1 = 41 (1 Surs)
Player1 plays 6-C
Player1 picks []
Total Running Scores: Player0 = 49 (0 Surs)        Player1 = 41 (1 Surs)
Player0 plays K-D
Player0 picks [K-D, K-H]
Total Running Scores: Player0 = 49 (0 Surs)        Player1 = 41 (1 Surs)
Dealing out to players...
Player1 hand: [Q-C, 9-D, 8-S, 2-D]
Player0 hand: [A-D, J-H, 10-D, 10-H]
Player1 plays 9-D
Player1 picks []
Total Running Scores: Player0 = 49 (0 Surs)        Player1 = 41 (1 Surs)
Player0 plays 10-H
Player0 picks []
Total Running Scores: Player0 = 49 (0 Surs)        Player1 = 41 (1 Surs)
Player1 plays Q-C
Player1 picks [Q-C, Q-S]
Total Running Scores: Player0 = 49 (0 Surs)        Player1 = 41 (1 Surs)
Player0 plays J-H
Player0 picks [J-H, 10-H, 9-D, 9-H, 8-H, 6-C]
Total Running Scores: Player0 = 50 (0 Surs)        Player1 = 41 (1 Surs)
Player1 plays 2-D
Player1 picks []
Total Running Scores: Player0 = 50 (0 Surs)        Player1 = 41 (1 Surs)
Player0 plays A-D
Player0 picks []
Total Running Scores: Player0 = 50 (0 Surs)        Player1 = 41 (1 Surs)
Player1 plays 8-S
Player1 picks [A-D, 8-S, 2-D]
Total Running Scores: Player0 = 50 (0 Surs)        Player1 = 42 (1 Surs)
Player0 plays 10-D
Player0 picks []
Total Running Scores: Player0 = 50 (0 Surs)        Player1 = 42 (1 Surs)
Player1 picks [10-D] at the end of this round of game
Total Running Scores: Player0 = 50 (0 Surs)        Player1 = 45 (1 Surs)
Round 4 of the game ends...
Round 5 of the game starts...
Total Running Scores: Player0 = 50 (0 Surs)        Player1 = 45 (0 Surs)
Dealing out to players...
Player0 hand: [Q-C, 7-D, 7-S, 4-H]
Player1 hand: [A-S, K-S, 6-H, 2-C]
Dealing out to pool...
Pool: [A-D, 10-C, 9-S, 4-S]
Player0 plays 4-H
Player0 picks []
Total Running Scores: Player0 = 50 (0 Surs)        Player1 = 45 (0 Surs)
Player1 plays 6-H
Player1 picks [A-D, 6-H, 4-S]
Total Running Scores: Player0 = 50 (0 Surs)        Player1 = 46 (0 Surs)
Player0 plays Q-C
Player0 picks []
Total Running Scores: Player0 = 50 (0 Surs)        Player1 = 46 (0 Surs)
Player1 plays K-S
Player1 picks []
Total Running Scores: Player0 = 50 (0 Surs)        Player1 = 46 (0 Surs)
Player0 plays 7-S
Player0 picks [7-S, 4-H]
Total Running Scores: Player0 = 50 (0 Surs)        Player1 = 46 (0 Surs)
Player1 plays A-S
Player1 picks [A-S, 10-C]
Total Running Scores: Player0 = 50 (0 Surs)        Player1 = 47 (0 Surs)
Player0 plays 7-D
Player0 picks []
Total Running Scores: Player0 = 50 (0 Surs)        Player1 = 47 (0 Surs)
Player1 plays 2-C
Player1 picks [9-S, 2-C]
Total Running Scores: Player0 = 50 (0 Surs)        Player1 = 49 (0 Surs)
Dealing out to players...
Player0 hand: [J-H, 10-H, 7-H, 4-C]
Player1 hand: [J-S, 9-C, 5-H, 2-D]
Player0 plays J-H
Player0 picks [J-H, 7-D]
Total Running Scores: Player0 = 51 (0 Surs)        Player1 = 49 (0 Surs)
Player1 plays J-S
Player1 picks []
Total Running Scores: Player0 = 51 (0 Surs)        Player1 = 49 (0 Surs)
Player0 plays 7-H
Player0 picks []
Total Running Scores: Player0 = 51 (0 Surs)        Player1 = 49 (0 Surs)
Player1 plays 5-H
Player1 picks []
Total Running Scores: Player0 = 51 (0 Surs)        Player1 = 49 (0 Surs)
Player0 plays 10-H
Player0 picks []
Total Running Scores: Player0 = 51 (0 Surs)        Player1 = 49 (0 Surs)
Player1 plays 2-D
Player1 picks []
Total Running Scores: Player0 = 51 (0 Surs)        Player1 = 49 (0 Surs)
Player0 plays 4-C
Player0 picks [7-H, 4-C]
Total Running Scores: Player0 = 51 (0 Surs)        Player1 = 49 (0 Surs)
Player1 plays 9-C
Player1 picks [9-C, 2-D]
Total Running Scores: Player0 = 51 (0 Surs)        Player1 = 49 (0 Surs)
Dealing out to players...
Player0 hand: [J-C, 8-D, 8-H, 2-H]
Player1 hand: [A-H, K-C, 10-S, 2-S]
Player0 plays 8-H
Player0 picks []
Total Running Scores: Player0 = 51 (0 Surs)        Player1 = 49 (0 Surs)
Player1 plays 10-S
Player1 picks []
Total Running Scores: Player0 = 51 (0 Surs)        Player1 = 49 (0 Surs)
Player0 plays 8-D
Player0 picks []
Total Running Scores: Player0 = 51 (0 Surs)        Player1 = 49 (0 Surs)
Player1 plays A-H
Player1 picks [A-H, 10-H]
Total Running Scores: Player0 = 51 (0 Surs)        Player1 = 50 (0 Surs)
Player0 plays J-C
Player0 picks [J-C, J-S, 10-S, 8-D, 8-H, 5-H]
Total Running Scores: Player0 = 53 (0 Surs)        Player1 = 50 (0 Surs)
Player1 plays K-C
Player1 picks [K-C, K-S]
Total Running Scores: Player0 = 53 (0 Surs)        Player1 = 50 (0 Surs)
Player0 plays 2-H
Player0 picks []
Total Running Scores: Player0 = 53 (0 Surs)        Player1 = 50 (0 Surs)
Player1 plays 2-S
Player1 picks []
Total Running Scores: Player0 = 53 (0 Surs)        Player1 = 50 (0 Surs)
Dealing out to players...
Player0 hand: [9-D, 9-H, 8-S, 4-D]
Player1 hand: [Q-D, Q-H, 10-D, 8-C]
Player0 plays 9-D
Player0 picks [9-D, 2-H]
Total Running Scores: Player0 = 53 (0 Surs)        Player1 = 50 (0 Surs)
Player1 plays 8-C
Player1 picks []
Total Running Scores: Player0 = 53 (0 Surs)        Player1 = 50 (0 Surs)
Player0 plays 9-H
Player0 picks [9-H, 2-S]
Total Running Scores: Player0 = 53 (0 Surs)        Player1 = 50 (0 Surs)
Player1 plays Q-D
Player1 picks [Q-C, Q-D]
Total Running Scores: Player0 = 53 (0 Surs)        Player1 = 50 (0 Surs)
Player0 plays 4-D
Player0 picks []
Total Running Scores: Player0 = 53 (0 Surs)        Player1 = 50 (0 Surs)
Player1 plays Q-H
Player1 picks []
Total Running Scores: Player0 = 53 (0 Surs)        Player1 = 50 (0 Surs)
Player0 plays 8-S
Player0 picks []
Total Running Scores: Player0 = 53 (0 Surs)        Player1 = 50 (0 Surs)
Player1 plays 10-D
Player1 picks []
Total Running Scores: Player0 = 53 (0 Surs)        Player1 = 50 (0 Surs)
Dealing out to players...
Player0 hand: [K-D, 6-D, 6-S, 3-H]
Player1 hand: [Q-S, J-D, 6-C, 5-D]
Player0 plays 6-D
Player0 picks []
Total Running Scores: Player0 = 53 (0 Surs)        Player1 = 50 (0 Surs)
Player1 plays 6-C
Player1 picks []
Total Running Scores: Player0 = 53 (0 Surs)        Player1 = 50 (0 Surs)
Player0 plays 3-H
Player0 picks [8-C, 3-H]
Total Running Scores: Player0 = 53 (0 Surs)        Player1 = 50 (0 Surs)
Player1 plays 5-D
Player1 picks [6-C, 5-D]
Total Running Scores: Player0 = 53 (0 Surs)        Player1 = 50 (0 Surs)
Player0 plays K-D
Player0 picks []
Total Running Scores: Player0 = 53 (0 Surs)        Player1 = 50 (0 Surs)
Player1 plays J-D
Player1 picks [J-D, 10-D, 8-S, 6-D, 4-D]
Total Running Scores: Player0 = 53 (0 Surs)        Player1 = 54 (0 Surs)
Player0 plays 6-S
Player0 picks []
Total Running Scores: Player0 = 53 (0 Surs)        Player1 = 54 (0 Surs)
Player1 plays Q-S
Player1 picks [Q-H, Q-S]
Total Running Scores: Player0 = 53 (0 Surs)        Player1 = 54 (0 Surs)
Dealing out to players...
Player0 hand: [A-C, K-H, 7-C, 5-S]
Player1 hand: [5-C, 3-C, 3-D, 3-S]
Player0 plays 7-C
Player0 picks []
Total Running Scores: Player0 = 53 (0 Surs)        Player1 = 54 (0 Surs)
Player1 plays 3-C
Player1 picks []
Total Running Scores: Player0 = 53 (0 Surs)        Player1 = 54 (0 Surs)
Player0 plays K-H
Player0 picks [K-D, K-H]
Total Running Scores: Player0 = 53 (0 Surs)        Player1 = 54 (0 Surs)
Player1 plays 3-S
Player1 picks []
Total Running Scores: Player0 = 53 (0 Surs)        Player1 = 54 (0 Surs)
Player0 plays 5-S
Player0 picks [5-S, 3-C, 3-S]
Total Running Scores: Player0 = 53 (0 Surs)        Player1 = 54 (0 Surs)
Player1 plays 3-D
Player1 picks []
Total Running Scores: Player0 = 53 (0 Surs)        Player1 = 54 (0 Surs)
Player0 plays A-C
Player0 picks [A-C, 7-C, 3-D]
Total Running Scores: Player0 = 54 (0 Surs)        Player1 = 54 (0 Surs)
Player1 plays 5-C
Player1 picks [6-S, 5-C]
Total Running Scores: Player0 = 54 (0 Surs)        Player1 = 61 (0 Surs)
Total Running Scores: Player0 = 54 (0 Surs)        Player1 = 61 (0 Surs)
Round 5 of the game ends...
Round 6 of the game starts...
Total Running Scores: Player0 = 54 (0 Surs)        Player1 = 61 (0 Surs)
Dealing out to players...
Player1 hand: [5-S, 4-H, 3-D, 2-C]
Player0 hand: [K-H, 10-C, 7-C, 5-H]
Dealing out to pool...
Pool: [8-D, 6-S, 5-C, 2-S]
Player1 plays 3-D
Player1 picks [8-D, 3-D]
Total Running Scores: Player0 = 54 (0 Surs)        Player1 = 61 (0 Surs)
Player0 plays 10-C
Player0 picks []
Total Running Scores: Player0 = 54 (0 Surs)        Player1 = 61 (0 Surs)
Player1 plays 2-C
Player1 picks []
Total Running Scores: Player0 = 54 (0 Surs)        Player1 = 61 (0 Surs)
Player0 plays K-H
Player0 picks []
Total Running Scores: Player0 = 54 (0 Surs)        Player1 = 61 (0 Surs)
Player1 plays 4-H
Player1 picks [5-C, 4-H, 2-C]
Total Running Scores: Player0 = 54 (0 Surs)        Player1 = 63 (0 Surs)
Player0 plays 7-C
Player0 picks []
Total Running Scores: Player0 = 54 (0 Surs)        Player1 = 63 (0 Surs)
Player1 plays 5-S
Player1 picks [6-S, 5-S]
Total Running Scores: Player0 = 54 (0 Surs)        Player1 = 63 (0 Surs)
Player0 plays 5-H
Player0 picks []
Total Running Scores: Player0 = 54 (0 Surs)        Player1 = 63 (0 Surs)
Dealing out to players...
Player1 hand: [A-C, 9-H, 5-D, 3-S]
Player0 hand: [K-C, K-S, J-D, 10-H]
Player1 plays 3-S
Player1 picks []
Total Running Scores: Player0 = 54 (0 Surs)        Player1 = 63 (0 Surs)
Player0 plays K-C
Player0 picks [K-C, K-H]
Total Running Scores: Player0 = 54 (0 Surs)        Player1 = 63 (0 Surs)
Player1 plays A-C
Player1 picks [A-C, 10-C]
Total Running Scores: Player0 = 54 (0 Surs)        Player1 = 64 (0 Surs)
Player0 plays K-S
Player0 picks []
Total Running Scores: Player0 = 54 (0 Surs)        Player1 = 64 (0 Surs)
Player1 plays 9-H
Player1 picks [9-H, 2-S]
Total Running Scores: Player0 = 54 (0 Surs)        Player1 = 64 (0 Surs)
Player0 plays J-D
Player0 picks [J-D, 7-C, 5-H, 3-S]
Total Running Scores: Player0 = 55 (0 Surs)        Player1 = 64 (0 Surs)
Player1 plays 5-D
Player1 picks []
Total Running Scores: Player0 = 55 (0 Surs)        Player1 = 64 (0 Surs)
Player0 plays 10-H
Player0 picks []
Total Running Scores: Player0 = 55 (0 Surs)        Player1 = 64 (0 Surs)
Dealing out to players...
Player1 hand: [A-H, K-D, J-S, 4-C]
Player0 hand: [Q-C, 7-H, 4-D, 3-H]
Player1 plays K-D
Player1 picks [K-D, K-S]
Total Running Scores: Player0 = 55 (0 Surs)        Player1 = 64 (0 Surs)
Player0 plays Q-C
Player0 picks []
Total Running Scores: Player0 = 55 (0 Surs)        Player1 = 64 (0 Surs)
Player1 plays J-S
Player1 picks [J-S, 10-H, 5-D]
Total Running Scores: Player0 = 55 (0 Surs)        Player1 = 65 (0 Surs)
Player0 plays 7-H
Player0 picks []
Total Running Scores: Player0 = 55 (0 Surs)        Player1 = 65 (0 Surs)
Player1 plays 4-C
Player1 picks [7-H, 4-C]
Total Running Scores: Player0 = 55 (0 Surs)        Player1 = 65 (0 Surs)
Player0 plays 3-H
Player0 picks []
Total Running Scores: Player0 = 55 (0 Surs)        Player1 = 65 (0 Surs)
Player1 plays A-H
Player1 picks []
Total Running Scores: Player0 = 55 (0 Surs)        Player1 = 65 (0 Surs)
Player0 plays 4-D
Player0 picks []
Total Running Scores: Player0 = 55 (0 Surs)        Player1 = 65 (0 Surs)
Dealing out to players...
Player1 hand: [A-D, 8-S, 6-D, 6-H]
Player0 hand: [Q-S, J-H, 7-S, 2-D]
Player1 plays 6-D
Player1 picks [A-H, 6-D, 4-D]
Total Running Scores: Player0 = 55 (0 Surs)        Player1 = 66 (0 Surs)
Player0 plays 2-D
Player0 picks []
Total Running Scores: Player0 = 55 (0 Surs)        Player1 = 66 (0 Surs)
Player1 plays 6-H
Player1 picks [6-H, 3-H, 2-D]
Total Running Scores: Player0 = 55 (0 Surs)        Player1 = 66 (0 Surs)
Player0 plays 7-S
Player0 picks []
Total Running Scores: Player0 = 55 (0 Surs)        Player1 = 66 (0 Surs)
Player1 plays 8-S
Player1 picks []
Total Running Scores: Player0 = 55 (0 Surs)        Player1 = 66 (0 Surs)
Player0 plays J-H
Player0 picks [J-H, 8-S, 7-S]
Total Running Scores: Player0 = 56 (0 Surs)        Player1 = 66 (0 Surs)
Player1 plays A-D
Player1 picks []
Total Running Scores: Player0 = 56 (0 Surs)        Player1 = 66 (0 Surs)
Player0 plays Q-S
Player0 picks [Q-C, Q-S]
Total Running Scores: Player0 = 56 (0 Surs)        Player1 = 66 (0 Surs)
Dealing out to players...
Player1 hand: [Q-D, J-C, 8-H, 4-S]
Player0 hand: [A-S, 9-D, 9-S, 7-D]
Player1 plays 8-H
Player1 picks []
Total Running Scores: Player0 = 56 (0 Surs)        Player1 = 66 (0 Surs)
Player0 plays 9-D
Player0 picks []
Total Running Scores: Player0 = 56 (0 Surs)        Player1 = 66 (0 Surs)
Player1 plays Q-D
Player1 picks []
Total Running Scores: Player0 = 56 (0 Surs)        Player1 = 66 (0 Surs)
Player0 plays 7-D
Player0 picks []
Total Running Scores: Player0 = 56 (0 Surs)        Player1 = 66 (0 Surs)
Player1 plays 4-S
Player1 picks [7-D, 4-S]
Total Running Scores: Player0 = 56 (0 Surs)        Player1 = 66 (0 Surs)
Player0 plays A-S
Player0 picks [A-D, A-S, 9-D]
Total Running Scores: Player0 = 58 (0 Surs)        Player1 = 66 (0 Surs)
Player1 plays J-C
Player1 picks [J-C, 8-H]
Total Running Scores: Player0 = 58 (0 Surs)        Player1 = 67 (0 Surs)
Player0 plays 9-S
Player0 picks []
Total Running Scores: Player0 = 58 (0 Surs)        Player1 = 67 (0 Surs)
Dealing out to players...
Player1 hand: [Q-H, 10-S, 8-C, 3-C]
Player0 hand: [10-D, 9-C, 6-C, 2-H]
Player1 plays Q-H
Player1 picks [Q-D, Q-H]
Total Running Scores: Player0 = 58 (0 Surs)        Player1 = 67 (0 Surs)
Player0 plays 2-H
Player0 picks [9-S, 2-H]
Total Running Scores: Player0 = 58 (0 Surs)        Player1 = 67 (0 Surs)
Player1 plays 3-C
Player1 picks []
Total Running Scores: Player0 = 58 (0 Surs)        Player1 = 67 (0 Surs)
Player0 plays 10-D
Player0 picks []
Total Running Scores: Player0 = 58 (0 Surs)        Player1 = 67 (0 Surs)
Player1 plays 8-C
Player1 picks [8-C, 3-C]
Total Running Scores: Player0 = 58 (0 Surs)        Player1 = 74 (0 Surs)
Player0 plays 9-C
Player0 picks []
Total Running Scores: Player0 = 58 (0 Surs)        Player1 = 74 (0 Surs)
Player1 plays 10-S
Player1 picks []
Total Running Scores: Player0 = 58 (0 Surs)        Player1 = 74 (0 Surs)
Player0 plays 6-C
Player0 picks []
Total Running Scores: Player0 = 58 (0 Surs)        Player1 = 74 (0 Surs)
Player1 picks [10-D, 10-S, 9-C, 6-C] at the end of this round of game
Total Running Scores: Player0 = 58 (0 Surs)        Player1 = 77 (0 Surs)
Round 6 of the game ends...
Game ends...
Player1 is the winner!
